<?xml version="1.0" encoding="UTF-8"?><testrun name="tests (1)" project="MovieRecord" tests="15" started="15" failures="0" errors="1" ignored="0">
  <testsuite name="tests.TestSwingMovieListEditorView" time="1.34">
    <testcase name="testWhenSelectFromTheListFillsTheNameFieldWithTheSelectedMovie" classname="tests.TestSwingMovieListEditorView" time="0.621"/>
    <testcase name="testAdding" classname="tests.TestSwingMovieListEditorView" time="0.226"/>
    <testcase name="testListContents" classname="tests.TestSwingMovieListEditorView" time="0.106"/>
    <testcase name="testUpdate" classname="tests.TestSwingMovieListEditorView" time="0.387"/>
  </testsuite>
  <testsuite name="tests.TestMovie" time="0.01">
    <testcase name="testMovieCantBeConstructedWithANullName" classname="tests.TestMovie" time="0.008"/>
    <testcase name="testMovieCantBeConstructedWithAEmptyName" classname="tests.TestMovie" time="0.0"/>
    <testcase name="testMovieCantBeRenamedWithANullName" classname="tests.TestMovie" time="0.0"/>
    <testcase name="testMovieCantBeRenamedWithAEmptyName" classname="tests.TestMovie" time="0.001"/>
    <testcase name="testRename" classname="tests.TestMovie" time="0.001"/>
  </testsuite>
  <testsuite name="tests.TestGUI" time="0.137">
    <testcase name="testConstructorCallsViewWithListToDisplay" classname="tests.TestGUI" time="0.132"/>
    <testcase name="testAdd" classname="tests.TestGUI" time="0.003"/>
    <testcase name="testWhenMovieIsSelectedCallsSetMovieNameOnViewWithTheNameOfSelectedMovie" classname="tests.TestGUI" time="0.001"/>
    <testcase name="testUpdate" classname="tests.TestGUI" time="0.001"/>
  </testsuite>
  <testsuite name="tests.TestMockito" time="0.017">
    <testcase name="testWhenParameterPassedTwiceWithDifferentValuesReturnTimesTwoWhenCheckingBySecondValue" classname="tests.TestMockito" time="0.017"/>
  </testsuite>
  <testsuite name="tests.TestMovieList" time="0.002">
    <testcase name="initializationError" classname="tests.TestMovieList" time="0.002">
      <error>java.lang.Exception: No runnable methods
	at org.junit.runners.BlockJUnit4ClassRunner.validateInstanceMethods(BlockJUnit4ClassRunner.java:169)
	at org.junit.runners.BlockJUnit4ClassRunner.collectInitializationErrors(BlockJUnit4ClassRunner.java:104)
	at org.junit.runners.ParentRunner.validate(ParentRunner.java:355)
	at org.junit.runners.ParentRunner.&lt;init&gt;(ParentRunner.java:76)
	at org.junit.runners.BlockJUnit4ClassRunner.&lt;init&gt;(BlockJUnit4ClassRunner.java:57)
	at org.junit.internal.builders.JUnit4Builder.runnerForClass(JUnit4Builder.java:10)
	at org.junit.runners.model.RunnerBuilder.safeRunnerForClass(RunnerBuilder.java:59)
	at org.junit.internal.builders.AllDefaultPossibilitiesBuilder.runnerForClass(AllDefaultPossibilitiesBuilder.java:26)
	at org.junit.runners.model.RunnerBuilder.safeRunnerForClass(RunnerBuilder.java:59)
	at org.junit.internal.requests.ClassRequest.getRunner(ClassRequest.java:26)
	at org.eclipse.jdt.internal.junit4.runner.JUnit4TestReference.&lt;init&gt;(JUnit4TestReference.java:33)
	at org.eclipse.jdt.internal.junit4.runner.JUnit4TestClassReference.&lt;init&gt;(JUnit4TestClassReference.java:25)
	at org.eclipse.jdt.internal.junit4.runner.JUnit4TestLoader.createTest(JUnit4TestLoader.java:48)
	at org.eclipse.jdt.internal.junit4.runner.JUnit4TestLoader.loadTests(JUnit4TestLoader.java:38)
	at org.eclipse.jdt.internal.junit.runner.RemoteTestRunner.runTests(RemoteTestRunner.java:452)
	at org.eclipse.jdt.internal.junit.runner.RemoteTestRunner.runTests(RemoteTestRunner.java:683)
	at org.eclipse.jdt.internal.junit.runner.RemoteTestRunner.run(RemoteTestRunner.java:390)
	at org.eclipse.jdt.internal.junit.runner.RemoteTestRunner.main(RemoteTestRunner.java:197)

</error>
    </testcase>
  </testsuite>
</testrun>
