<?xml version="1.0" encoding="UTF-8"?><testrun name="TestSwingMovieListEditorView" project="MovieRecord" tests="4" started="4" failures="0" errors="1" ignored="0">
  <testsuite name="tests.TestSwingMovieListEditorView" time="61.055">
    <testcase name="testWhenSelectFromTheListFillsTheNameFieldWithTheSelectedMovie" classname="tests.TestSwingMovieListEditorView" time="0.54"/>
    <testcase name="testAdding" classname="tests.TestSwingMovieListEditorView" time="0.209"/>
    <testcase name="testListContents" classname="tests.TestSwingMovieListEditorView" time="0.102"/>
    <testcase name="testUpdate" classname="tests.TestSwingMovieListEditorView" time="60.204">
      <error>org.netbeans.jemmy.TimeoutExpiredException: Wait AbstractButton with text "Update" loaded (ComponentOperator.WaitComponentTimeout)
	at org.netbeans.jemmy.Waiter.waitAction(Waiter.java:197)
	at org.netbeans.jemmy.operators.ComponentOperator.waitComponent(ComponentOperator.java:346)
	at org.netbeans.jemmy.operators.ComponentOperator.waitComponent(ComponentOperator.java:313)
	at org.netbeans.jemmy.operators.JButtonOperator.&lt;init&gt;(JButtonOperator.java:119)
	at org.netbeans.jemmy.operators.JButtonOperator.&lt;init&gt;(JButtonOperator.java:138)
	at tests.TestSwingMovieListEditorView.testUpdate(TestSwingMovieListEditorView.java:129)
	at sun.reflect.NativeMethodAccessorImpl.invoke0(Native Method)
	at sun.reflect.NativeMethodAccessorImpl.invoke(NativeMethodAccessorImpl.java:57)
	at sun.reflect.DelegatingMethodAccessorImpl.invoke(DelegatingMethodAccessorImpl.java:43)
	at java.lang.reflect.Method.invoke(Method.java:606)
	at org.junit.runners.model.FrameworkMethod$1.runReflectiveCall(FrameworkMethod.java:47)
	at org.junit.internal.runners.model.ReflectiveCallable.run(ReflectiveCallable.java:12)
	at org.junit.runners.model.FrameworkMethod.invokeExplosively(FrameworkMethod.java:44)
	at org.junit.internal.runners.statements.InvokeMethod.evaluate(InvokeMethod.java:17)
	at org.junit.internal.runners.statements.RunBefores.evaluate(RunBefores.java:26)
	at org.junit.internal.runners.statements.RunAfters.evaluate(RunAfters.java:27)
	at org.junit.runners.ParentRunner.runLeaf(ParentRunner.java:271)
	at org.junit.runners.BlockJUnit4ClassRunner.runChild(BlockJUnit4ClassRunner.java:70)
	at org.junit.runners.BlockJUnit4ClassRunner.runChild(BlockJUnit4ClassRunner.java:50)
	at org.junit.runners.ParentRunner$3.run(ParentRunner.java:238)
	at org.junit.runners.ParentRunner$1.schedule(ParentRunner.java:63)
	at org.junit.runners.ParentRunner.runChildren(ParentRunner.java:236)
	at org.junit.runners.ParentRunner.access$000(ParentRunner.java:53)
	at org.junit.runners.ParentRunner$2.evaluate(ParentRunner.java:229)
	at org.junit.runners.ParentRunner.run(ParentRunner.java:309)
	at org.eclipse.jdt.internal.junit4.runner.JUnit4TestReference.run(JUnit4TestReference.java:50)
	at org.eclipse.jdt.internal.junit.runner.TestExecution.run(TestExecution.java:38)
	at org.eclipse.jdt.internal.junit.runner.RemoteTestRunner.runTests(RemoteTestRunner.java:467)
	at org.eclipse.jdt.internal.junit.runner.RemoteTestRunner.runTests(RemoteTestRunner.java:683)
	at org.eclipse.jdt.internal.junit.runner.RemoteTestRunner.run(RemoteTestRunner.java:390)
	at org.eclipse.jdt.internal.junit.runner.RemoteTestRunner.main(RemoteTestRunner.java:197)

</error>
    </testcase>
  </testsuite>
</testrun>
