<?xml version="1.0" encoding="UTF-8"?><testrun name="tests (1) (Failed Tests first)" project="MovieRecord" tests="19" started="19" failures="2" errors="0" ignored="0">
  <testsuite name="tests.TestSwingMovieListEditorView" time="1.219">
    <testcase name="testWhenSelectFromTheListFillsTheNameFieldWithTheSelectedMovie" classname="tests.TestSwingMovieListEditorView" time="0.607"/>
    <testcase name="testAdding" classname="tests.TestSwingMovieListEditorView" time="0.218"/>
    <testcase name="testListContents" classname="tests.TestSwingMovieListEditorView" time="0.11"/>
    <testcase name="testUpdate" classname="tests.TestSwingMovieListEditorView" time="0.284"/>
  </testsuite>
  <testsuite name="tests.TestMovie" time="0.013">
    <testcase name="testMovieCantBeConstructedWithANullName" classname="tests.TestMovie" time="0.01"/>
    <testcase name="testMovieCantBeConstructedWithAEmptyName" classname="tests.TestMovie" time="0.0"/>
    <testcase name="testMovieCantBeRenamedWithANullName" classname="tests.TestMovie" time="0.001"/>
    <testcase name="testMovieCantBeRenamedWithAEmptyName" classname="tests.TestMovie" time="0.0"/>
    <testcase name="testRename" classname="tests.TestMovie" time="0.002"/>
  </testsuite>
  <testsuite name="tests.TestGUI" time="0.16">
    <testcase name="testWhenUpdateDuplicateMovieItInformsTheView" classname="tests.TestGUI" time="0.155">
      <failure>Wanted but not invoked:
movieListEditorView.handleDuplicateMovieException(
    "Stargate"
);
-&gt; at tests.TestGUI.testWhenUpdateDuplicateMovieItInformsTheView(TestGUI.java:135)

However, there were other interactions with this mock:
-&gt; at src.core.MovieListEditor.updateMovieList(MovieListEditor.java:22)
-&gt; at src.core.MovieListEditor.&lt;init&gt;(MovieListEditor.java:18)
-&gt; at src.core.MovieListEditor.selectMovie(MovieListEditor.java:40)
-&gt; at src.core.MovieListEditor.updateMovie(MovieListEditor.java:47)
-&gt; at src.core.MovieListEditor.updateMovieList(MovieListEditor.java:22)

	at tests.TestGUI.testWhenUpdateDuplicateMovieItInformsTheView(TestGUI.java:135)
	at sun.reflect.NativeMethodAccessorImpl.invoke0(Native Method)
	at sun.reflect.NativeMethodAccessorImpl.invoke(NativeMethodAccessorImpl.java:57)
	at sun.reflect.DelegatingMethodAccessorImpl.invoke(DelegatingMethodAccessorImpl.java:43)
	at java.lang.reflect.Method.invoke(Method.java:606)
	at org.junit.runners.model.FrameworkMethod$1.runReflectiveCall(FrameworkMethod.java:47)
	at org.junit.internal.runners.model.ReflectiveCallable.run(ReflectiveCallable.java:12)
	at org.junit.runners.model.FrameworkMethod.invokeExplosively(FrameworkMethod.java:44)
	at org.junit.internal.runners.statements.InvokeMethod.evaluate(InvokeMethod.java:17)
	at org.junit.internal.runners.statements.RunBefores.evaluate(RunBefores.java:26)
	at org.junit.runners.ParentRunner.runLeaf(ParentRunner.java:271)
	at org.junit.runners.BlockJUnit4ClassRunner.runChild(BlockJUnit4ClassRunner.java:70)
	at org.junit.runners.BlockJUnit4ClassRunner.runChild(BlockJUnit4ClassRunner.java:50)
	at org.junit.runners.ParentRunner$3.run(ParentRunner.java:238)
	at org.junit.runners.ParentRunner$1.schedule(ParentRunner.java:63)
	at org.junit.runners.ParentRunner.runChildren(ParentRunner.java:236)
	at org.junit.runners.ParentRunner.access$000(ParentRunner.java:53)
	at org.junit.runners.ParentRunner$2.evaluate(ParentRunner.java:229)
	at org.junit.runners.ParentRunner.run(ParentRunner.java:309)
	at org.eclipse.jdt.internal.junit4.runner.JUnit4TestReference.run(JUnit4TestReference.java:50)
	at org.eclipse.jdt.internal.junit.runner.TestExecution.run(TestExecution.java:38)
	at org.eclipse.jdt.internal.junit.runner.RemoteTestRunner.runTests(RemoteTestRunner.java:467)
	at org.eclipse.jdt.internal.junit.runner.RemoteTestRunner.runTests(RemoteTestRunner.java:683)
	at org.eclipse.jdt.internal.junit.runner.RemoteTestRunner.run(RemoteTestRunner.java:390)
	at org.eclipse.jdt.internal.junit.runner.RemoteTestRunner.main(RemoteTestRunner.java:197)

</failure>
    </testcase>
    <testcase name="testConstructorCallsViewWithListToDisplay" classname="tests.TestGUI" time="0.002"/>
    <testcase name="testAdd" classname="tests.TestGUI" time="0.0"/>
    <testcase name="testWhenAddDuplicateMovieItInformsTheView" classname="tests.TestGUI" time="0.001"/>
    <testcase name="testWhenMovieIsSelectedCallsSetMovieNameOnViewWithTheNameOfSelectedMovie" classname="tests.TestGUI" time="0.001"/>
    <testcase name="testUpdate" classname="tests.TestGUI" time="0.001"/>
  </testsuite>
  <testsuite name="tests.TestMockito" time="0.021">
    <testcase name="testWhenParameterPassedTwiceWithDifferentValuesReturnTimesTwoWhenCheckingBySecondValue" classname="tests.TestMockito" time="0.021"/>
  </testsuite>
  <testsuite name="tests.TestMovieList" time="0.001">
    <testcase name="testWhenRenameMovieNameEndsInDuplicatedThrowsDuplicatedException" classname="tests.TestMovieList" time="0.0">
      <failure>java.lang.AssertionError: Expected exception: src.core.exceptions.DuplicateMovieException
	at org.junit.internal.runners.statements.ExpectException.evaluate(ExpectException.java:32)
	at org.junit.runners.ParentRunner.runLeaf(ParentRunner.java:271)
	at org.junit.runners.BlockJUnit4ClassRunner.runChild(BlockJUnit4ClassRunner.java:70)
	at org.junit.runners.BlockJUnit4ClassRunner.runChild(BlockJUnit4ClassRunner.java:50)
	at org.junit.runners.ParentRunner$3.run(ParentRunner.java:238)
	at org.junit.runners.ParentRunner$1.schedule(ParentRunner.java:63)
	at org.junit.runners.ParentRunner.runChildren(ParentRunner.java:236)
	at org.junit.runners.ParentRunner.access$000(ParentRunner.java:53)
	at org.junit.runners.ParentRunner$2.evaluate(ParentRunner.java:229)
	at org.junit.runners.ParentRunner.run(ParentRunner.java:309)
	at org.eclipse.jdt.internal.junit4.runner.JUnit4TestReference.run(JUnit4TestReference.java:50)
	at org.eclipse.jdt.internal.junit.runner.TestExecution.run(TestExecution.java:38)
	at org.eclipse.jdt.internal.junit.runner.RemoteTestRunner.runTests(RemoteTestRunner.java:467)
	at org.eclipse.jdt.internal.junit.runner.RemoteTestRunner.runTests(RemoteTestRunner.java:683)
	at org.eclipse.jdt.internal.junit.runner.RemoteTestRunner.run(RemoteTestRunner.java:390)
	at org.eclipse.jdt.internal.junit.runner.RemoteTestRunner.main(RemoteTestRunner.java:197)

</failure>
    </testcase>
    <testcase name="testWhenRenameMovieNameIsChanged" classname="tests.TestMovieList" time="0.001"/>
    <testcase name="test" classname="tests.TestMovieList" time="0.0"/>
  </testsuite>
</testrun>
