<?xml version="1.0" encoding="UTF-8"?><testrun name="Rerun tests (1) (Failed Tests first)" project="MovieRecord" tests="20" started="20" failures="0" errors="1" ignored="0">
  <testsuite name="tests.TestSwingMovieListEditorView" time="61.55">
    <testcase name="testAddingADuplicateMovieDisplaysErrorDialog" classname="tests.TestSwingMovieListEditorView" time="60.613">
      <error>org.netbeans.jemmy.TimeoutExpiredException: Dialog with title "Duplicate Movie" (WindowWaiter.WaitWindowTimeout)
	at org.netbeans.jemmy.Waiter.waitAction(Waiter.java:197)
	at org.netbeans.jemmy.WindowWaiter.waitWindow(WindowWaiter.java:435)
	at org.netbeans.jemmy.WindowWaiter.waitWindow(WindowWaiter.java:225)
	at org.netbeans.jemmy.DialogWaiter.waitDialog(DialogWaiter.java:337)
	at org.netbeans.jemmy.operators.JDialogOperator.waitJDialog(JDialogOperator.java:611)
	at org.netbeans.jemmy.operators.JDialogOperator.&lt;init&gt;(JDialogOperator.java:95)
	at org.netbeans.jemmy.operators.JDialogOperator.&lt;init&gt;(JDialogOperator.java:211)
	at org.netbeans.jemmy.operators.JDialogOperator.&lt;init&gt;(JDialogOperator.java:228)
	at org.netbeans.jemmy.operators.JDialogOperator.&lt;init&gt;(JDialogOperator.java:243)
	at tests.TestSwingMovieListEditorView.testAddingADuplicateMovieDisplaysErrorDialog(TestSwingMovieListEditorView.java:170)
	at sun.reflect.NativeMethodAccessorImpl.invoke0(Native Method)
	at sun.reflect.NativeMethodAccessorImpl.invoke(NativeMethodAccessorImpl.java:57)
	at sun.reflect.DelegatingMethodAccessorImpl.invoke(DelegatingMethodAccessorImpl.java:43)
	at java.lang.reflect.Method.invoke(Method.java:606)
	at org.junit.runners.model.FrameworkMethod$1.runReflectiveCall(FrameworkMethod.java:47)
	at org.junit.internal.runners.model.ReflectiveCallable.run(ReflectiveCallable.java:12)
	at org.junit.runners.model.FrameworkMethod.invokeExplosively(FrameworkMethod.java:44)
	at org.junit.internal.runners.statements.InvokeMethod.evaluate(InvokeMethod.java:17)
	at org.junit.internal.runners.statements.RunBefores.evaluate(RunBefores.java:26)
	at org.junit.internal.runners.statements.RunAfters.evaluate(RunAfters.java:27)
	at org.junit.runners.ParentRunner.runLeaf(ParentRunner.java:271)
	at org.junit.runners.BlockJUnit4ClassRunner.runChild(BlockJUnit4ClassRunner.java:70)
	at org.junit.runners.BlockJUnit4ClassRunner.runChild(BlockJUnit4ClassRunner.java:50)
	at org.junit.runners.ParentRunner$3.run(ParentRunner.java:238)
	at org.junit.runners.ParentRunner$1.schedule(ParentRunner.java:63)
	at org.junit.runners.ParentRunner.runChildren(ParentRunner.java:236)
	at org.junit.runners.ParentRunner.access$000(ParentRunner.java:53)
	at org.junit.runners.ParentRunner$2.evaluate(ParentRunner.java:229)
	at org.junit.runners.ParentRunner.run(ParentRunner.java:309)
	at org.eclipse.jdt.internal.junit4.runner.JUnit4TestReference.run(JUnit4TestReference.java:50)
	at org.eclipse.jdt.internal.junit.runner.TestExecution.run(TestExecution.java:38)
	at org.eclipse.jdt.internal.junit.runner.RemoteTestRunner.runTests(RemoteTestRunner.java:467)
	at org.eclipse.jdt.internal.junit.runner.RemoteTestRunner.runTests(RemoteTestRunner.java:683)
	at org.eclipse.jdt.internal.junit.runner.RemoteTestRunner.run(RemoteTestRunner.java:390)
	at org.eclipse.jdt.internal.junit.runner.RemoteTestRunner.main(RemoteTestRunner.java:197)

</error>
    </testcase>
    <testcase name="testWhenSelectFromTheListFillsTheNameFieldWithTheSelectedMovie" classname="tests.TestSwingMovieListEditorView" time="0.233"/>
    <testcase name="testAdding" classname="tests.TestSwingMovieListEditorView" time="0.221"/>
    <testcase name="testListContents" classname="tests.TestSwingMovieListEditorView" time="0.125"/>
    <testcase name="testUpdate" classname="tests.TestSwingMovieListEditorView" time="0.357"/>
  </testsuite>
  <testsuite name="tests.TestMovie" time="0.008">
    <testcase name="testMovieCantBeConstructedWithANullName" classname="tests.TestMovie" time="0.006"/>
    <testcase name="testMovieCantBeConstructedWithAEmptyName" classname="tests.TestMovie" time="0.0"/>
    <testcase name="testMovieCantBeRenamedWithANullName" classname="tests.TestMovie" time="0.001"/>
    <testcase name="testMovieCantBeRenamedWithAEmptyName" classname="tests.TestMovie" time="0.0"/>
    <testcase name="testRename" classname="tests.TestMovie" time="0.001"/>
  </testsuite>
  <testsuite name="tests.TestGUI" time="0.11">
    <testcase name="testConstructorCallsViewWithListToDisplay" classname="tests.TestGUI" time="0.103"/>
    <testcase name="testAdd" classname="tests.TestGUI" time="0.004"/>
    <testcase name="testWhenAddDuplicateMovieItInformsTheView" classname="tests.TestGUI" time="0.001"/>
    <testcase name="testWhenMovieIsSelectedCallsSetMovieNameOnViewWithTheNameOfSelectedMovie" classname="tests.TestGUI" time="0.0"/>
    <testcase name="testWhenUpdateDuplicateMovieItInformsTheView" classname="tests.TestGUI" time="0.001"/>
    <testcase name="testUpdate" classname="tests.TestGUI" time="0.001"/>
  </testsuite>
  <testsuite name="tests.TestMockito" time="0.018">
    <testcase name="testWhenParameterPassedTwiceWithDifferentValuesReturnTimesTwoWhenCheckingBySecondValue" classname="tests.TestMockito" time="0.018"/>
  </testsuite>
  <testsuite name="tests.TestMovieList" time="0.0">
    <testcase name="testWhenRenameMovieNameIsChanged" classname="tests.TestMovieList" time="0.0"/>
    <testcase name="test" classname="tests.TestMovieList" time="0.0"/>
    <testcase name="testWhenRenameMovieNameEndsInDuplicatedThrowsDuplicatedException" classname="tests.TestMovieList" time="0.0"/>
  </testsuite>
</testrun>
