<?xml version="1.0" encoding="UTF-8"?><testrun name="tests (1)" project="MovieRecord" tests="15" started="15" failures="0" errors="1" ignored="0">
  <testsuite name="tests.TestSwingMovieListEditorView" time="1.09">
    <testcase name="testWhenSelectFromTheListFillsTheNameFieldWithTheSelectedMovie" classname="tests.TestSwingMovieListEditorView" time="0.551"/>
    <testcase name="testAdding" classname="tests.TestSwingMovieListEditorView" time="0.221"/>
    <testcase name="testListContents" classname="tests.TestSwingMovieListEditorView" time="0.031"/>
    <testcase name="testUpdate" classname="tests.TestSwingMovieListEditorView" time="0.287"/>
  </testsuite>
  <testsuite name="tests.TestMovie" time="0.011">
    <testcase name="testMovieCantBeConstructedWithANullName" classname="tests.TestMovie" time="0.009"/>
    <testcase name="testMovieCantBeConstructedWithAEmptyName" classname="tests.TestMovie" time="0.0"/>
    <testcase name="testMovieCantBeRenamedWithANullName" classname="tests.TestMovie" time="0.001"/>
    <testcase name="testMovieCantBeRenamedWithAEmptyName" classname="tests.TestMovie" time="0.0"/>
    <testcase name="testRename" classname="tests.TestMovie" time="0.001"/>
  </testsuite>
  <testsuite name="tests.TestGUI" time="0.128">
    <testcase name="testConstructorCallsViewWithListToDisplay" classname="tests.TestGUI" time="0.122"/>
    <testcase name="testAdd" classname="tests.TestGUI" time="0.003"/>
    <testcase name="testWhenMovieIsSelectedCallsSetMovieNameOnViewWithTheNameOfSelectedMovie" classname="tests.TestGUI" time="0.001"/>
    <testcase name="testUpdate" classname="tests.TestGUI" time="0.001"/>
  </testsuite>
  <testsuite name="tests.TestMockito" time="0.016">
    <testcase name="testWhenParameterPassedTwiceWithDifferentValuesReturnTimesTwoWhenCheckingBySecondValue" classname="tests.TestMockito" time="0.016"/>
  </testsuite>
  <testsuite name="tests.TestMovieList" time="0.002">
    <testcase name="test" classname="tests.TestMovieList" time="0.002">
      <error>java.lang.Exception: Unexpected exception, expected&lt;src.core.exceptions.DuplicateMovieException&gt; but was&lt;java.lang.Error&gt;
	at org.junit.internal.runners.statements.ExpectException.evaluate(ExpectException.java:28)
	at org.junit.runners.ParentRunner.runLeaf(ParentRunner.java:271)
	at org.junit.runners.BlockJUnit4ClassRunner.runChild(BlockJUnit4ClassRunner.java:70)
	at org.junit.runners.BlockJUnit4ClassRunner.runChild(BlockJUnit4ClassRunner.java:50)
	at org.junit.runners.ParentRunner$3.run(ParentRunner.java:238)
	at org.junit.runners.ParentRunner$1.schedule(ParentRunner.java:63)
	at org.junit.runners.ParentRunner.runChildren(ParentRunner.java:236)
	at org.junit.runners.ParentRunner.access$000(ParentRunner.java:53)
	at org.junit.runners.ParentRunner$2.evaluate(ParentRunner.java:229)
	at org.junit.runners.ParentRunner.run(ParentRunner.java:309)
	at org.eclipse.jdt.internal.junit4.runner.JUnit4TestReference.run(JUnit4TestReference.java:50)
	at org.eclipse.jdt.internal.junit.runner.TestExecution.run(TestExecution.java:38)
	at org.eclipse.jdt.internal.junit.runner.RemoteTestRunner.runTests(RemoteTestRunner.java:467)
	at org.eclipse.jdt.internal.junit.runner.RemoteTestRunner.runTests(RemoteTestRunner.java:683)
	at org.eclipse.jdt.internal.junit.runner.RemoteTestRunner.run(RemoteTestRunner.java:390)
	at org.eclipse.jdt.internal.junit.runner.RemoteTestRunner.main(RemoteTestRunner.java:197)
Caused by: java.lang.Error: Unresolved compilation problems: 
	Unhandled exception type DuplicateMovieException
	Unhandled exception type DuplicateMovieException

	at tests.TestMovieList.test(TestMovieList.java:20)
	at sun.reflect.NativeMethodAccessorImpl.invoke0(Native Method)
	at sun.reflect.NativeMethodAccessorImpl.invoke(NativeMethodAccessorImpl.java:57)
	at sun.reflect.DelegatingMethodAccessorImpl.invoke(DelegatingMethodAccessorImpl.java:43)
	at java.lang.reflect.Method.invoke(Method.java:606)
	at org.junit.runners.model.FrameworkMethod$1.runReflectiveCall(FrameworkMethod.java:47)
	at org.junit.internal.runners.model.ReflectiveCallable.run(ReflectiveCallable.java:12)
	at org.junit.runners.model.FrameworkMethod.invokeExplosively(FrameworkMethod.java:44)
	at org.junit.internal.runners.statements.InvokeMethod.evaluate(InvokeMethod.java:17)
	at org.junit.internal.runners.statements.ExpectException.evaluate(ExpectException.java:19)
	... 15 more

</error>
    </testcase>
  </testsuite>
</testrun>
