<?xml version="1.0" encoding="UTF-8"?><testrun name="tests (1)" project="MovieRecord" tests="7" started="7" failures="1" errors="0" ignored="0">
  <testsuite name="tests.TestSwingMovieListEditorView" time="0.694">
    <testcase name="testAdding" classname="tests.TestSwingMovieListEditorView" time="0.596"/>
    <testcase name="testListContents" classname="tests.TestSwingMovieListEditorView" time="0.098"/>
  </testsuite>
  <testsuite name="tests.TestMovie" time="0.018">
    <testcase name="testMovieCantBeConstructedWithANullName" classname="tests.TestMovie" time="0.011"/>
    <testcase name="testMovieCantBeConstructedWithAEmptyName" classname="tests.TestMovie" time="0.005">
      <failure>java.lang.AssertionError: Expected test to throw an instance of java.lang.IllegalArgumentException
	at org.junit.Assert.fail(Assert.java:88)
	at org.junit.rules.ExpectedException.failDueToMissingException(ExpectedException.java:184)
	at org.junit.rules.ExpectedException.access$100(ExpectedException.java:85)
	at org.junit.rules.ExpectedException$ExpectedExceptionStatement.evaluate(ExpectedException.java:170)
	at org.junit.rules.RunRules.evaluate(RunRules.java:20)
	at org.junit.runners.ParentRunner.runLeaf(ParentRunner.java:271)
	at org.junit.runners.BlockJUnit4ClassRunner.runChild(BlockJUnit4ClassRunner.java:70)
	at org.junit.runners.BlockJUnit4ClassRunner.runChild(BlockJUnit4ClassRunner.java:50)
	at org.junit.runners.ParentRunner$3.run(ParentRunner.java:238)
	at org.junit.runners.ParentRunner$1.schedule(ParentRunner.java:63)
	at org.junit.runners.ParentRunner.runChildren(ParentRunner.java:236)
	at org.junit.runners.ParentRunner.access$000(ParentRunner.java:53)
	at org.junit.runners.ParentRunner$2.evaluate(ParentRunner.java:229)
	at org.junit.runners.ParentRunner.run(ParentRunner.java:309)
	at org.eclipse.jdt.internal.junit4.runner.JUnit4TestReference.run(JUnit4TestReference.java:50)
	at org.eclipse.jdt.internal.junit.runner.TestExecution.run(TestExecution.java:38)
	at org.eclipse.jdt.internal.junit.runner.RemoteTestRunner.runTests(RemoteTestRunner.java:467)
	at org.eclipse.jdt.internal.junit.runner.RemoteTestRunner.runTests(RemoteTestRunner.java:683)
	at org.eclipse.jdt.internal.junit.runner.RemoteTestRunner.run(RemoteTestRunner.java:390)
	at org.eclipse.jdt.internal.junit.runner.RemoteTestRunner.main(RemoteTestRunner.java:197)

</failure>
    </testcase>
    <testcase name="testRename" classname="tests.TestMovie" time="0.001"/>
  </testsuite>
  <testsuite name="tests.TestGUI" time="0.135">
    <testcase name="testConstructorCallsViewWithListToDisplay" classname="tests.TestGUI" time="0.13"/>
    <testcase name="testAdd" classname="tests.TestGUI" time="0.005"/>
  </testsuite>
</testrun>
